<?xml version="1.0" encoding="UTF-8"?>
<!-- Generated by org.testng.reporters.JUnitXMLReporter -->
<testsuite ignored="2" hostname="DESKTOP-3KO1D1G" failures="1" tests="5" name="Test" time="11.449" errors="0" timestamp="2021-12-21T15:31:38 IST">
  <testcase classname="Test_Java.Login_Test" name="verifyLoginPageUrl" time="0.067"/>
  <testcase classname="Test_Java.Login_Test" name="verifyLoginBtnIsClickable" time="0.502"/>
  <testcase classname="Test_Java.Login_Test" name="verifyLoginWithCorrectCred" time="10.294"/>
  <testcase classname="Test_Java.Login_Test" name="verifyTitleOfLoginPage" time="0.086"/>
  <testcase classname="Test_Java.hovTest" name="chkboxlist" time="0.002">
    <failure type="java.lang.NullPointerException" message="Cannot invoke &amp;quot;org.openqa.selenium.SearchContext.findElement(org.openqa.selenium.By)&amp;quot; because &amp;quot;this.searchContext&amp;quot; is null">
      <![CDATA[java.lang.NullPointerException: Cannot invoke "org.openqa.selenium.SearchContext.findElement(org.openqa.selenium.By)" because "this.searchContext" is null
at org.openqa.selenium.support.pagefactory.DefaultElementLocator.findElement(DefaultElementLocator.java:70)
at org.openqa.selenium.support.pagefactory.internal.LocatingElementHandler.invoke(LocatingElementHandler.java:39)
at com.sun.proxy.$Proxy17.click(Unknown Source)
at Main_Java.hovering.chekbox(hovering.java:29)
at Test_Java.hovTest.chkboxlist(hovTest.java:9)
at java.base/java.util.ArrayList.forEach(ArrayList.java:1511)
... Removed 27 stack frames]]>
    </failure>
  </testcase> <!-- chkboxlist -->
  <testcase classname="Test_Java.Base_Test" name="@BeforeSuite WebBrowserLaunch" time="0.0">
    <ignored/>
  </testcase> <!-- @BeforeSuite WebBrowserLaunch -->
  <testcase classname="Test_Java.Base_Test" name="@AfterSuite teardown" time="0.0">
    <ignored/>
  </testcase> <!-- @AfterSuite teardown -->
</testsuite> <!-- Test -->
